<?xml version="1.0" encoding="UTF-8"?>
<testng-results ignored="0" total="1" passed="1" failed="0" skipped="0">
  <reporter-output>
  </reporter-output>
  <suite started-at="2024-09-06T22:50:41 IST" name="Master Suite" finished-at="2024-09-06T22:51:37 IST" duration-ms="55944">
    <groups>
      <group name="Master">
        <method signature="TC002_LoginTest.verify_account_registration()[pri:0, instance:testCases.TC002_LoginTest@24faea88]" name="verify_account_registration" class="testCases.TC002_LoginTest"/>
      </group> <!-- Master -->
      <group name="Regression">
        <method signature="TC002_LoginTest.verify_account_registration()[pri:0, instance:testCases.TC002_LoginTest@24faea88]" name="verify_account_registration" class="testCases.TC002_LoginTest"/>
      </group> <!-- Regression -->
    </groups>
    <test started-at="2024-09-06T22:50:41 IST" name="Test" finished-at="2024-09-06T22:51:37 IST" duration-ms="55944">
      <class name="testCases.TC002_LoginTest">
        <test-method is-config="true" signature="setup(java.lang.String,java.lang.String)[pri:0, instance:testCases.TC002_LoginTest@24faea88]" started-at="2024-09-06T22:50:42 IST" name="setup" finished-at="2024-09-06T22:51:32 IST" duration-ms="50131" status="PASS">
          <params>
            <param index="0">
              <value>
                <![CDATA[Windows]]>
              </value>
            </param>
            <param index="1">
              <value>
                <![CDATA[chrome]]>
              </value>
            </param>
          </params>
          <reporter-output>
          </reporter-output>
        </test-method> <!-- setup -->
        <test-method signature="verify_account_registration()[pri:0, instance:testCases.TC002_LoginTest@24faea88]" started-at="2024-09-06T22:51:33 IST" name="verify_account_registration" finished-at="2024-09-06T22:51:35 IST" duration-ms="1990" status="PASS">
          <reporter-output>
          </reporter-output>
        </test-method> <!-- verify_account_registration -->
        <test-method is-config="true" signature="tearDown()[pri:0, instance:testCases.TC002_LoginTest@24faea88]" started-at="2024-09-06T22:51:35 IST" name="tearDown" finished-at="2024-09-06T22:51:37 IST" duration-ms="2196" status="PASS">
          <reporter-output>
          </reporter-output>
        </test-method> <!-- tearDown -->
      </class> <!-- testCases.TC002_LoginTest -->
    </test> <!-- Test -->
  </suite> <!-- Master Suite -->
</testng-results>
